准备生成 1000 个golden cases
已有 283 个cases

批次 1/50 (20 个场景)...
  已生成 10/20 个
  已生成 20/20 个
  本批新增 15 个，总计 298 个

批次 2/50 (20 个场景)...
  本批新增 11 个，总计 309 个

批次 3/50 (20 个场景)...
  本批新增 11 个，总计 320 个

批次 4/50 (20 个场景)...
  已生成 10/20 个
  已生成 20/20 个
  本批新增 16 个，总计 336 个

批次 5/50 (20 个场景)...
  已生成 20/20 个
  本批新增 14 个，总计 350 个

批次 6/50 (20 个场景)...
  已生成 10/20 个
  本批新增 11 个，总计 361 个

批次 7/50 (20 个场景)...
  已生成 10/20 个
  已生成 20/20 个
  本批新增 11 个，总计 372 个

批次 8/50 (20 个场景)...
  已生成 20/20 个
  本批新增 11 个，总计 383 个

批次 9/50 (20 个场景)...
  已生成 20/20 个
  本批新增 14 个，总计 397 个

批次 10/50 (20 个场景)...
  已生成 10/20 个
  已生成 20/20 个
  本批新增 15 个，总计 412 个

批次 11/50 (20 个场景)...
  已生成 10/20 个
  已生成 20/20 个
  本批新增 15 个，总计 427 个

批次 12/50 (20 个场景)...
  已生成 20/20 个
  本批新增 12 个，总计 439 个

批次 13/50 (20 个场景)...
  已生成 10/20 个
  本批新增 14 个，总计 453 个

批次 14/50 (20 个场景)...
  已生成 10/20 个
  已生成 20/20 个
  本批新增 15 个，总计 468 个

批次 15/50 (20 个场景)...
  已生成 10/20 个
  本批新增 13 个，总计 481 个

批次 16/50 (20 个场景)...
  已生成 20/20 个
  本批新增 12 个，总计 493 个

批次 17/50 (20 个场景)...
  已生成 10/20 个
  已生成 20/20 个
  本批新增 13 个，总计 506 个

批次 18/50 (20 个场景)...
  已生成 10/20 个
  已生成 20/20 个
  本批新增 13 个，总计 519 个

批次 19/50 (20 个场景)...
  已生成 20/20 个
  本批新增 14 个，总计 533 个

批次 20/50 (20 个场景)...
  本批新增 12 个，总计 545 个

批次 21/50 (20 个场景)...
  已生成 10/20 个
  已生成 20/20 个
  本批新增 11 个，总计 556 个

批次 22/50 (20 个场景)...
  已生成 10/20 个
  本批新增 12 个，总计 568 个

批次 23/50 (20 个场景)...
  已生成 10/20 个
  已生成 20/20 个
  本批新增 14 个，总计 582 个

批次 24/50 (20 个场景)...
  已生成 10/20 个
  已生成 20/20 个
  本批新增 15 个，总计 597 个

批次 25/50 (20 个场景)...
