\BOOKMARK [1][-]{section.1}{\376\377\000I\000n\000t\000r\000o\000d\000u\000c\000t\000i\000o\000n}{}% 1
\BOOKMARK [2][-]{subsection.1.1}{\376\377\000C\000o\000n\000t\000r\000i\000b\000u\000t\000i\000o\000n\000s}{section.1}% 2
\BOOKMARK [1][-]{section.2}{\376\377\000R\000e\000l\000a\000t\000e\000d\000\040\000W\000o\000r\000k}{}% 3
\BOOKMARK [2][-]{subsection.2.1}{\376\377\000C\000l\000a\000s\000s\000i\000c\000a\000l\000\040\000R\000o\000u\000t\000e\000\040\000O\000p\000t\000i\000m\000i\000z\000a\000t\000i\000o\000n}{section.2}% 4
\BOOKMARK [2][-]{subsection.2.2}{\376\377\000L\000L\000M\000-\000B\000a\000s\000e\000d\000\040\000T\000r\000a\000v\000e\000l\000\040\000P\000l\000a\000n\000n\000i\000n\000g}{section.2}% 5
\BOOKMARK [2][-]{subsection.2.3}{\376\377\000M\000u\000l\000t\000i\000-\000A\000g\000e\000n\000t\000\040\000L\000L\000M\000\040\000S\000y\000s\000t\000e\000m\000s}{section.2}% 6
\BOOKMARK [2][-]{subsection.2.4}{\376\377\000M\000i\000x\000t\000u\000r\000e\000-\000o\000f\000-\000E\000x\000p\000e\000r\000t\000s\000\040\000i\000n\000\040\000L\000L\000M\000\040\000S\000y\000s\000t\000e\000m\000s}{section.2}% 7
\BOOKMARK [2][-]{subsection.2.5}{\376\377\000L\000L\000M\000\040\000L\000i\000m\000i\000t\000a\000t\000i\000o\000n\000s\000\040\000i\000n\000\040\000S\000p\000a\000t\000i\000a\000l\000\040\000P\000l\000a\000n\000n\000i\000n\000g}{section.2}% 8
\BOOKMARK [2][-]{subsection.2.6}{\376\377\000L\000L\000M\000-\000a\000s\000-\000J\000u\000d\000g\000e\000\040\000E\000v\000a\000l\000u\000a\000t\000i\000o\000n}{section.2}% 9
\BOOKMARK [1][-]{section.3}{\376\377\000S\000y\000s\000t\000e\000m\000\040\000A\000r\000c\000h\000i\000t\000e\000c\000t\000u\000r\000e}{}% 10
\BOOKMARK [2][-]{subsection.3.1}{\376\377\000O\000v\000e\000r\000v\000i\000e\000w}{section.3}% 11
\BOOKMARK [2][-]{subsection.3.2}{\376\377\000S\000c\000e\000n\000e\000-\000A\000w\000a\000r\000e\000\040\000E\000x\000p\000e\000r\000t\000\040\000D\000i\000s\000p\000a\000t\000c\000h}{section.3}% 12
\BOOKMARK [2][-]{subsection.3.3}{\376\377\000E\000x\000p\000e\000r\000t\000\040\000N\000e\000t\000w\000o\000r\000k}{section.3}% 13
\BOOKMARK [2][-]{subsection.3.4}{\376\377\000R\000e\000v\000i\000e\000w\000-\000R\000e\000w\000o\000r\000k\000\040\000F\000e\000e\000d\000b\000a\000c\000k\000\040\000L\000o\000o\000p}{section.3}% 14
\BOOKMARK [2][-]{subsection.3.5}{\376\377\000R\000o\000u\000t\000e\000\040\000S\000y\000n\000t\000h\000e\000s\000i\000s\000\040\000a\000n\000d\000\040\000T\000i\000m\000e\000\040\000S\000m\000o\000o\000t\000h\000i\000n\000g}{section.3}% 15
\BOOKMARK [1][-]{section.4}{\376\377\000E\000x\000p\000e\000r\000i\000m\000e\000n\000t\000s}{}% 16
\BOOKMARK [2][-]{subsection.4.1}{\376\377\000S\000e\000t\000u\000p}{section.4}% 17
\BOOKMARK [2][-]{subsection.4.2}{\376\377\000M\000a\000i\000n\000\040\000R\000e\000s\000u\000l\000t\000s}{section.4}% 18
\BOOKMARK [2][-]{subsection.4.3}{\376\377\0001\0000\0000\000-\000S\000c\000e\000n\000a\000r\000i\000o\000\040\000L\000a\000r\000g\000e\000-\000S\000c\000a\000l\000e\000\040\000E\000v\000a\000l\000u\000a\000t\000i\000o\000n}{section.4}% 19
\BOOKMARK [2][-]{subsection.4.4}{\376\377\000E\000r\000r\000o\000r\000\040\000A\000n\000a\000l\000y\000s\000i\000s}{section.4}% 20
\BOOKMARK [2][-]{subsection.4.5}{\376\377\0003\0000\000-\000S\000c\000e\000n\000a\000r\000i\000o\000\040\000B\000a\000s\000e\000l\000i\000n\000e\000\040\000P\000r\000o\000g\000r\000e\000s\000s\000i\000o\000n}{section.4}% 21
\BOOKMARK [2][-]{subsection.4.6}{\376\377\000A\000b\000l\000a\000t\000i\000o\000n\000\040\000S\000t\000u\000d\000y}{section.4}% 22
\BOOKMARK [2][-]{subsection.4.7}{\376\377\000M\000o\000d\000e\000l\000\040\000E\000f\000f\000i\000c\000i\000e\000n\000c\000y\000\040\000A\000n\000a\000l\000y\000s\000i\000s}{section.4}% 23
\BOOKMARK [2][-]{subsection.4.8}{\376\377\000A\000r\000c\000h\000i\000t\000e\000c\000t\000u\000r\000e\000\040\000E\000v\000o\000l\000u\000t\000i\000o\000n}{section.4}% 24
\BOOKMARK [2][-]{subsection.4.9}{\376\377\000O\000p\000t\000i\000m\000i\000z\000a\000t\000i\000o\000n\000\040\000J\000o\000u\000r\000n\000e\000y}{section.4}% 25
\BOOKMARK [3][-]{subsubsection.4.9.1}{\376\377\000R\000o\000u\000n\000d\000\040\0001\000:\000\040\000E\000v\000a\000l\000u\000a\000t\000i\000o\000n\000\040\000B\000u\000g\000\040\000\050\000F\000a\000k\000e\000\040\000Z\000e\000r\000o\000s\000\051}{subsection.4.9}% 26
\BOOKMARK [3][-]{subsubsection.4.9.2}{\376\377\000R\000o\000u\000n\000d\000\040\0002\000:\000\040\000L\000L\000M\000\040\000S\000p\000a\000t\000i\000a\000l\000\040\000B\000l\000i\000n\000d\000n\000e\000s\000s}{subsection.4.9}% 27
\BOOKMARK [3][-]{subsubsection.4.9.3}{\376\377\000R\000o\000u\000n\000d\000\040\0003\000:\000\040\000S\000u\000b\000-\000C\000a\000t\000e\000g\000o\000r\000y\000\040\000M\000i\000s\000c\000l\000a\000s\000s\000i\000f\000i\000c\000a\000t\000i\000o\000n}{subsection.4.9}% 28
\BOOKMARK [3][-]{subsubsection.4.9.4}{\376\377\000R\000o\000u\000n\000d\000\040\0004\000:\000\040\000P\000r\000o\000m\000p\000t\000-\000B\000a\000s\000e\000d\000\040\000R\000e\000f\000u\000s\000a\000l}{subsection.4.9}% 29
\BOOKMARK [3][-]{subsubsection.4.9.5}{\376\377\000R\000o\000u\000n\000d\000\040\0005\000:\000\040\000T\000i\000m\000e\000\040\000A\000l\000l\000o\000c\000a\000t\000i\000o\000n\000\040\000G\000a\000p\000s}{subsection.4.9}% 30
\BOOKMARK [3][-]{subsubsection.4.9.6}{\376\377\000R\000o\000u\000n\000d\000\040\0006\000:\000\040\000R\000o\000u\000t\000e\000\040\000I\000n\000f\000l\000a\000t\000i\000o\000n}{subsection.4.9}% 31
\BOOKMARK [3][-]{subsubsection.4.9.7}{\376\377\000R\000o\000u\000n\000d\000\040\0007\000:\000\040\000G\000e\000o\000g\000r\000a\000p\000h\000i\000c\000\040\000T\000h\000r\000e\000s\000h\000o\000l\000d\000\040\000M\000i\000s\000m\000a\000t\000c\000h}{subsection.4.9}% 32
\BOOKMARK [2][-]{subsection.4.10}{\376\377\000P\000e\000r\000-\000S\000c\000e\000n\000a\000r\000i\000o\000\040\000S\000c\000o\000r\000e\000\040\000C\000h\000a\000n\000g\000e\000s}{section.4}% 33
\BOOKMARK [2][-]{subsection.4.11}{\376\377\000G\000e\000o\000g\000r\000a\000p\000h\000i\000c\000\040\000C\000o\000n\000t\000i\000n\000u\000i\000t\000y\000\040\000I\000m\000p\000r\000o\000v\000e\000m\000e\000n\000t}{section.4}% 34
\BOOKMARK [2][-]{subsection.4.12}{\376\377\000L\000e\000s\000s\000o\000n\000s\000\040\000f\000r\000o\000m\000\040\000F\000a\000i\000l\000e\000d\000\040\000O\000p\000t\000i\000m\000i\000z\000a\000t\000i\000o\000n\000s}{section.4}% 35
\BOOKMARK [2][-]{subsection.4.13}{\376\377\000D\000a\000t\000a\000-\000D\000r\000i\000v\000e\000n\000\040\000I\000m\000p\000r\000o\000v\000e\000m\000e\000n\000t}{section.4}% 36
\BOOKMARK [2][-]{subsection.4.14}{\376\377\000R\000e\000a\000l\000-\000T\000i\000m\000e\000\040\000P\000e\000r\000f\000o\000r\000m\000a\000n\000c\000e}{section.4}% 37
\BOOKMARK [2][-]{subsection.4.15}{\376\377\000E\000v\000a\000l\000u\000a\000t\000i\000o\000n\000\040\000R\000e\000l\000i\000a\000b\000i\000l\000i\000t\000y}{section.4}% 38
\BOOKMARK [2][-]{subsection.4.16}{\376\377\000B\000a\000s\000e\000l\000i\000n\000e\000\040\000C\000o\000m\000p\000a\000r\000i\000s\000o\000n}{section.4}% 39
\BOOKMARK [1][-]{section.5}{\376\377\000D\000i\000s\000c\000u\000s\000s\000i\000o\000n}{}% 40
\BOOKMARK [2][-]{subsection.5.1}{\376\377\000W\000h\000y\000\040\000E\000x\000p\000e\000r\000t\000-\000E\000n\000s\000e\000m\000b\000l\000e\000\040\000O\000v\000e\000r\000\040\000S\000i\000n\000g\000l\000e\000-\000L\000L\000M\000?}{section.5}% 41
\BOOKMARK [2][-]{subsection.5.2}{\376\377\000T\000h\000e\000\040\000N\000a\000t\000u\000r\000e\000\040\000o\000f\000\040\000E\000x\000p\000e\000r\000t\000\040\000`\000`\000C\000o\000l\000l\000a\000b\000o\000r\000a\000t\000i\000o\000n\000'\000'}{section.5}% 42
\BOOKMARK [2][-]{subsection.5.3}{\376\377\000T\000h\000e\000\040\000`\000`\000P\000r\000o\000m\000p\000t\000\040\000B\000e\000f\000o\000r\000e\000\040\000A\000r\000c\000h\000i\000t\000e\000c\000t\000u\000r\000e\000'\000'\000\040\000P\000r\000i\000n\000c\000i\000p\000l\000e}{section.5}% 43
\BOOKMARK [2][-]{subsection.5.4}{\376\377\000L\000L\000M\000\040\000a\000s\000\040\000P\000r\000o\000p\000o\000s\000e\000r\000,\000\040\000A\000l\000g\000o\000r\000i\000t\000h\000m\000\040\000a\000s\000\040\000V\000a\000l\000i\000d\000a\000t\000o\000r}{section.5}% 44
\BOOKMARK [2][-]{subsection.5.5}{\376\377\000E\000v\000a\000l\000u\000a\000t\000i\000o\000n\000\040\000M\000e\000t\000h\000o\000d\000o\000l\000o\000g\000y\000\040\000M\000a\000t\000t\000e\000r\000s}{section.5}% 45
\BOOKMARK [2][-]{subsection.5.6}{\376\377\000L\000i\000m\000i\000t\000a\000t\000i\000o\000n\000s}{section.5}% 46
\BOOKMARK [2][-]{subsection.5.7}{\376\377\000B\000r\000o\000a\000d\000e\000r\000\040\000A\000p\000p\000l\000i\000c\000a\000b\000i\000l\000i\000t\000y}{section.5}% 47
\BOOKMARK [1][-]{section.6}{\376\377\000C\000o\000n\000c\000l\000u\000s\000i\000o\000n}{}% 48
\BOOKMARK [1][-]{section*.23}{\376\377\000R\000e\000f\000e\000r\000e\000n\000c\000e\000s}{}% 49
